[10844]  [00:06:01.300] npc_dota_hero_axe is killed by npc_dota_hero_spirit_breaker
[13542]  [00:07:31.278] npc_dota_hero_axe is killed by npc_dota_hero_luna
[14992]  [00:08:19.566] npc_dota_hero_puck is killed by npc_dota_hero_spirit_breaker
[16438]  [00:09:07.721] npc_dota_hero_axe is killed by npc_dota_hero_spirit_breaker
[17098]  [00:09:29.749] npc_dota_hero_viper is killed by npc_dota_hero_puck
[17500]  [00:09:43.112] npc_dota_hero_axe is killed by npc_dota_hero_luna
[20530]  [00:11:24.121] npc_dota_hero_puck is killed by npc_dota_hero_viper
[22288]  [00:12:22.673] npc_dota_hero_witch_doctor is killed by npc_dota_hero_axe
[23458]  [00:13:01.697] npc_dota_hero_luna is killed by npc_dota_hero_warlock
[25006]  [00:13:53.318] npc_dota_hero_luna is killed by npc_dota_hero_axe
[25556]  [00:14:11.613] npc_dota_hero_spirit_breaker is killed by npc_dota_hero_axe
[28086]  [00:15:35.926] npc_dota_hero_puck is killed by npc_dota_hero_viper
[28252]  [00:15:41.425] npc_dota_hero_viper is killed by npc_dota_hero_warlock
[30352]  [00:16:51.441] npc_dota_hero_night_stalker is killed by npc_dota_hero_luna
[30520]  [00:16:57.006] npc_dota_hero_axe is killed by npc_dota_hero_luna
[31502]  [00:17:29.798] npc_dota_hero_puck is killed by npc_dota_hero_viper
[33830]  [00:18:47.346] npc_dota_hero_witch_doctor is killed by npc_dota_hero_puck
[36322]  [00:19:13.106] npc_dota_hero_axe is killed by npc_dota_hero_luna
[37030]  [00:19:36.767] npc_dota_hero_dark_seer is killed by npc_dota_hero_puck
[38174]  [00:20:14.891] npc_dota_hero_warlock is killed by npc_dota_hero_viper
[38462]  [00:20:24.422] npc_dota_hero_night_stalker is killed by npc_dota_hero_viper
[40776]  [00:21:41.537] npc_dota_hero_sniper is killed by npc_dota_hero_dark_seer
[42544]  [00:22:40.522] npc_dota_hero_luna is killed by npc_dota_hero_sniper
[42836]  [00:22:50.220] npc_dota_hero_viper is killed by npc_dota_hero_sniper
[44436]  [00:23:43.540] npc_dota_hero_spirit_breaker is killed by npc_dota_hero_puck
[44598]  [00:23:48.972] npc_dota_hero_night_stalker is killed by npc_dota_hero_luna
[46228]  [00:24:43.259] npc_dota_hero_sniper is killed by npc_dota_hero_viper
[46772]  [00:25:01.388] npc_dota_hero_warlock is killed by npc_dota_hero_viper
[46780]  [00:25:01.654] npc_dota_hero_viper is killed by npc_dota_hero_axe
[48782]  [00:26:08.372] npc_dota_hero_warlock is killed by npc_dota_hero_luna
[49226]  [00:26:23.168] npc_dota_hero_spirit_breaker is killed by npc_dota_hero_axe
[49958]  [00:26:47.562] npc_dota_hero_witch_doctor is killed by npc_dota_hero_puck
[50688]  [00:27:11.889] npc_dota_hero_luna is killed by npc_dota_hero_sniper
[54786]  [00:29:28.423] npc_dota_hero_spirit_breaker is killed by npc_dota_hero_night_stalker
[54942]  [00:29:33.655] npc_dota_hero_night_stalker is killed by npc_dota_hero_luna
[54970]  [00:29:34.588] npc_dota_hero_warlock is killed by npc_dota_hero_luna
[55026]  [00:29:36.487] npc_dota_hero_puck is killed by npc_dota_hero_luna
[57500]  [00:30:58.901] npc_dota_hero_warlock is killed by npc_dota_hero_dark_seer
[57596]  [00:31:02.133] npc_dota_hero_witch_doctor is killed by npc_dota_hero_puck
[57622]  [00:31:02.966] npc_dota_hero_night_stalker is killed by npc_dota_hero_spirit_breaker
[57724]  [00:31:06.365] npc_dota_hero_sniper is killed by npc_dota_hero_viper
[57832]  [00:31:09.931] npc_dota_hero_spirit_breaker is killed by npc_dota_hero_night_stalker
[60987]  [00:32:55.139] npc_dota_hero_puck is killed by npc_dota_hero_viper
[60995]  [00:32:55.405] npc_dota_hero_spirit_breaker is killed by npc_dota_hero_axe
[61181]  [00:33:01.571] npc_dota_hero_night_stalker is killed by npc_dota_hero_luna
[62717]  [00:33:52.758] npc_dota_hero_luna is killed by npc_dota_hero_axe
[63097]  [00:34:05.455] npc_dota_hero_dark_seer is killed by npc_dota_hero_sniper
[66517]  [00:35:59.768] npc_dota_hero_witch_doctor is killed by npc_dota_hero_axe
[68141]  [00:36:54.087] npc_dota_hero_luna is killed by npc_dota_hero_night_stalker
[76619]  [00:41:37.720] npc_dota_hero_spirit_breaker is killed by npc_dota_hero_sniper
[76929]  [00:41:48.055] npc_dota_hero_warlock is killed by npc_dota_hero_luna
[76945]  [00:41:48.623] npc_dota_hero_sniper is killed by npc_dota_hero_viper
[76947]  [00:41:48.690] npc_dota_hero_puck is killed by npc_dota_hero_luna
[77257]  [00:41:58.992] npc_dota_hero_viper is killed by npc_dota_hero_axe
[78187]  [00:42:30.098] npc_dota_hero_witch_doctor is killed by npc_dota_hero_axe
[78551]  [00:42:42.306] npc_dota_hero_night_stalker is killed by npc_dota_hero_luna (illusion)
[79179]  [00:43:03.311] npc_dota_hero_axe is killed by npc_dota_hero_luna
[90369]  [00:49:17.586] npc_dota_hero_axe is killed by npc_dota_hero_luna
[90455]  [00:49:20.429] npc_dota_hero_night_stalker is killed by npc_dota_hero_viper
[91251]  [00:49:47.053] npc_dota_hero_luna is killed by npc_dota_hero_axe
[91651]  [00:50:00.432] npc_dota_hero_witch_doctor is killed by npc_dota_hero_puck
[91875]  [00:50:07.924] npc_dota_hero_spirit_breaker is killed by npc_dota_hero_axe
[92163]  [00:50:17.590] npc_dota_hero_dark_seer is killed by npc_dota_hero_axe
[95221]  [00:51:59.906] npc_dota_hero_axe is killed by npc_dota_hero_luna
[95357]  [00:52:04.388] npc_dota_hero_night_stalker is killed by npc_dota_hero_spirit_breaker
[95471]  [00:52:08.234] npc_dota_hero_luna is killed by npc_dota_hero_axe
[95537]  [00:52:10.408] npc_dota_hero_puck is killed by npc_dota_hero_viper
[95627]  [00:52:13.418] npc_dota_hero_spirit_breaker is killed by npc_dota_hero_axe
[96135]  [00:52:30.443] npc_dota_hero_viper is killed by npc_dota_hero_axe
[96151]  [00:52:30.978] npc_dota_hero_warlock is killed by npc_dota_hero_luna
[96299]  [00:52:35.962] npc_dota_hero_axe is killed by npc_dota_hero_luna
[101385]  [00:55:26.008] npc_dota_hero_puck is killed by npc_dota_hero_spirit_breaker
[103463]  [00:56:35.545] npc_dota_hero_axe is killed by npc_dota_hero_luna
[103507]  [00:56:36.983] npc_dota_hero_warlock is killed by npc_dota_hero_spirit_breaker
[103557]  [00:56:38.655] npc_dota_hero_night_stalker is killed by npc_dota_hero_dark_seer
[105033]  [00:57:28.090] npc_dota_hero_puck is killed by npc_dota_hero_viper
[105727]  [00:57:51.269] npc_dota_hero_spirit_breaker is killed by npc_dota_hero_axe
total time taken: 2.29s
